[2017-05-15 06:02:35] INFO:  starting Fetcher
[2017-05-15 06:02:35] INFO:  starting Watcher
[2017-05-15 06:02:35] INFO:  Newsbin Engine Starting
[2017-05-15 06:04:24] INFO:  Newsbin Engine Stopping
[2017-05-15 06:15:22] INFO:  starting Fetcher
[2017-05-15 06:15:22] INFO:  starting Watcher
[2017-05-15 06:15:22] INFO:  Newsbin Engine Starting
[2017-05-15 06:15:42] INFO:  Newsbin Engine Stopping
[2017-05-15 06:18:53] INFO:  starting Fetcher
[2017-05-15 06:18:53] INFO:  starting Watcher
[2017-05-15 06:18:53] INFO:  Newsbin Engine Starting
[2017-05-15 06:19:14] INFO:  Newsbin Engine Stopping
[2017-05-16 05:35:23] INFO:  starting Fetcher
[2017-05-16 05:35:23] INFO:  Fetcher initialized
[2017-05-16 05:35:23] INFO:  starting Watcher
[2017-05-16 05:35:23] INFO:  Watcher initialized
[2017-05-16 05:35:23] INFO:  Newsbin Engine Starting
[2017-05-16 05:36:01] INFO:  Newsbin Engine Stopping
[2017-05-16 05:39:32] INFO:  starting Fetcher
[2017-05-16 05:39:32] INFO:  Fetcher initialized
[2017-05-16 05:39:32] INFO:  starting Watcher
[2017-05-16 05:39:32] INFO:  Watcher initialized
[2017-05-16 05:39:32] INFO:  Newsbin Engine Starting
[2017-05-16 05:40:12] ERROR:  <class 'requests.exceptions.ConnectionError'> exception while fetching article
Traceback (most recent call last):
  File "/home/mhouse/Projects/python/newsbin/venv/lib/python3.5/site-packages/requests/packages/urllib3/connectionpool.py", line 600, in urlopen
    chunked=chunked)
  File "/home/mhouse/Projects/python/newsbin/venv/lib/python3.5/site-packages/requests/packages/urllib3/connectionpool.py", line 386, in _make_request
    six.raise_from(e, None)
  File "<string>", line 2, in raise_from
  File "/home/mhouse/Projects/python/newsbin/venv/lib/python3.5/site-packages/requests/packages/urllib3/connectionpool.py", line 382, in _make_request
    httplib_response = conn.getresponse()
  File "/usr/lib/python3.5/http/client.py", line 1197, in getresponse
    response.begin()
  File "/usr/lib/python3.5/http/client.py", line 297, in begin
    version, status, reason = self._read_status()
  File "/usr/lib/python3.5/http/client.py", line 258, in _read_status
    line = str(self.fp.readline(_MAXLINE + 1), "iso-8859-1")
  File "/usr/lib/python3.5/socket.py", line 575, in readinto
    return self._sock.recv_into(b)
ConnectionResetError: [Errno 104] Connection reset by peer

During handling of the above exception, another exception occurred:

Traceback (most recent call last):
  File "/home/mhouse/Projects/python/newsbin/venv/lib/python3.5/site-packages/requests/adapters.py", line 423, in send
    timeout=timeout
  File "/home/mhouse/Projects/python/newsbin/venv/lib/python3.5/site-packages/requests/packages/urllib3/connectionpool.py", line 649, in urlopen
    _stacktrace=sys.exc_info()[2])
  File "/home/mhouse/Projects/python/newsbin/venv/lib/python3.5/site-packages/requests/packages/urllib3/util/retry.py", line 347, in increment
    raise six.reraise(type(error), error, _stacktrace)
  File "/home/mhouse/Projects/python/newsbin/venv/lib/python3.5/site-packages/requests/packages/urllib3/packages/six.py", line 685, in reraise
    raise value.with_traceback(tb)
  File "/home/mhouse/Projects/python/newsbin/venv/lib/python3.5/site-packages/requests/packages/urllib3/connectionpool.py", line 600, in urlopen
    chunked=chunked)
  File "/home/mhouse/Projects/python/newsbin/venv/lib/python3.5/site-packages/requests/packages/urllib3/connectionpool.py", line 386, in _make_request
    six.raise_from(e, None)
  File "<string>", line 2, in raise_from
  File "/home/mhouse/Projects/python/newsbin/venv/lib/python3.5/site-packages/requests/packages/urllib3/connectionpool.py", line 382, in _make_request
    httplib_response = conn.getresponse()
  File "/usr/lib/python3.5/http/client.py", line 1197, in getresponse
    response.begin()
  File "/usr/lib/python3.5/http/client.py", line 297, in begin
    version, status, reason = self._read_status()
  File "/usr/lib/python3.5/http/client.py", line 258, in _read_status
    line = str(self.fp.readline(_MAXLINE + 1), "iso-8859-1")
  File "/usr/lib/python3.5/socket.py", line 575, in readinto
    return self._sock.recv_into(b)
requests.packages.urllib3.exceptions.ProtocolError: ('Connection aborted.', ConnectionResetError(104, 'Connection reset by peer'))

During handling of the above exception, another exception occurred:

Traceback (most recent call last):
  File "newsbin.py", line 48, in __operation
    response = requests.get( item.link, verify=False )
  File "/home/mhouse/Projects/python/newsbin/venv/lib/python3.5/site-packages/requests/api.py", line 70, in get
    return request('get', url, params=params, **kwargs)
  File "/home/mhouse/Projects/python/newsbin/venv/lib/python3.5/site-packages/requests/api.py", line 56, in request
    return session.request(method=method, url=url, **kwargs)
  File "/home/mhouse/Projects/python/newsbin/venv/lib/python3.5/site-packages/requests/sessions.py", line 488, in request
    resp = self.send(prep, **send_kwargs)
  File "/home/mhouse/Projects/python/newsbin/venv/lib/python3.5/site-packages/requests/sessions.py", line 630, in send
    history = [resp for resp in gen] if allow_redirects else []
  File "/home/mhouse/Projects/python/newsbin/venv/lib/python3.5/site-packages/requests/sessions.py", line 630, in <listcomp>
    history = [resp for resp in gen] if allow_redirects else []
  File "/home/mhouse/Projects/python/newsbin/venv/lib/python3.5/site-packages/requests/sessions.py", line 190, in resolve_redirects
    **adapter_kwargs
  File "/home/mhouse/Projects/python/newsbin/venv/lib/python3.5/site-packages/requests/sessions.py", line 609, in send
    r = adapter.send(request, **kwargs)
  File "/home/mhouse/Projects/python/newsbin/venv/lib/python3.5/site-packages/requests/adapters.py", line 473, in send
    raise ConnectionError(err, request=request)
requests.exceptions.ConnectionError: ('Connection aborted.', ConnectionResetError(104, 'Connection reset by peer'))
[2017-05-16 05:40:52] INFO:  Newsbin Engine Stopping
[2017-05-16 05:51:37] INFO:  starting Fetcher
[2017-05-16 05:51:37] INFO:  Fetcher initialized
[2017-05-16 05:51:37] INFO:  starting Watcher
[2017-05-16 05:51:37] INFO:  Watcher initialized
[2017-05-16 05:51:37] INFO:  Newsbin Engine Starting
[2017-05-16 05:51:37] INFO:  Fetcher has started 10 workers
[2017-05-16 05:51:37] INFO:  Watcher has started 10 workers
[2017-05-16 05:54:50] INFO:  Newsbin Engine Stopping
[2017-05-16 05:54:51] INFO:  Fetcher has stopped 0 workers
[2017-05-16 05:54:57] INFO:  Watcher has stopped 0 workers
[2017-05-16 05:57:59] INFO:  Starting Fetcher
[2017-05-16 05:57:59] INFO:  Fetcher initialized
[2017-05-16 05:57:59] INFO:  Starting Watcher
[2017-05-16 05:57:59] INFO:  Watcher initialized
[2017-05-16 05:57:59] INFO:  Newsbin Engine Starting
[2017-05-16 05:57:59] INFO:  Fetcher has started 10 workers
[2017-05-16 05:57:59] INFO:  Watcher has started 10 workers
[2017-05-16 05:59:20] INFO:  Newsbin Engine Stopping
[2017-05-16 05:59:20] INFO:  Fetcher is stopping
[2017-05-16 05:59:24] INFO:  Fetcher has stopped 10 workers
[2017-05-16 05:59:24] INFO:  Watcher is stopping
[2017-05-16 05:59:29] INFO:  Watcher has stopped 10 workers
[2017-05-19 23:10:56] INFO:  Starting Fetcher
[2017-05-19 23:10:56] INFO:  Fetcher initialized
[2017-05-19 23:10:56] INFO:  Starting Watcher
[2017-05-19 23:10:56] INFO:  Watcher initialized
[2017-05-19 23:10:56] INFO:  Newsbin Engine Starting
[2017-05-19 23:10:56] INFO:  Fetcher has started 10 workers
[2017-05-19 23:10:56] INFO:  Watcher has started 10 workers
[2017-05-19 23:11:00] INFO:  Newsbin Engine Stopping
[2017-05-19 23:11:00] INFO:  Fetcher is stopping
[2017-05-19 23:11:00] INFO:  Fetcher has stopped 10 workers
[2017-05-19 23:11:00] INFO:  Watcher is stopping
[2017-05-19 23:11:02] INFO:  Watcher has stopped 10 workers
[2017-05-19 23:11:06] INFO:  Starting Fetcher
[2017-05-19 23:11:06] INFO:  Fetcher initialized
[2017-05-19 23:11:06] INFO:  Starting Watcher
[2017-05-19 23:11:06] INFO:  Watcher initialized
[2017-05-19 23:11:06] INFO:  Newsbin Engine Starting
[2017-05-19 23:11:06] INFO:  Fetcher has started 10 workers
[2017-05-19 23:11:06] INFO:  Watcher has started 10 workers
[2017-05-19 23:15:25] INFO:  Newsbin Engine Stopping
[2017-05-19 23:15:25] INFO:  Fetcher is stopping
[2017-05-19 23:15:25] INFO:  Fetcher has stopped 10 workers
[2017-05-19 23:15:25] INFO:  Watcher is stopping
[2017-05-19 23:15:30] INFO:  Watcher has stopped 10 workers
